TN:
SF:01-ratelimitter.js
FNF:0
FNH:0
DA:1,1
DA:2,1
DA:3,1
DA:4,1
DA:5,1
DA:6,1
DA:7,1
DA:8,1
DA:9,1
DA:10,1
DA:11,1
DA:12,1
DA:13,1
DA:14,1
DA:15,1
DA:16,1
DA:17,1
DA:18,1
DA:19,1
DA:20,2
DA:21,1
DA:22,1
DA:23,1
DA:24,13
DA:25,13
DA:26,13
DA:27,13
DA:28,11
DA:29,11
DA:30,11
DA:31,11
DA:32,7
DA:33,11
DA:34,4
DA:35,4
DA:36,13
DA:37,2
DA:38,2
DA:39,2
DA:40,13
DA:41,1
DA:42,1
DA:43,6
DA:44,1
DA:45,1
DA:46,1
DA:47,0
DA:48,1
DA:49,1
DA:50,1
LF:50
LH:49
BRDA:19,0,0,2
BRDA:23,1,0,13
BRDA:27,2,0,11
BRDA:31,3,0,7
BRDA:33,4,0,4
BRDA:36,5,0,2
BRDA:42,6,0,6
BRF:7
BRH:7
end_of_record
TN:
SF:01-requestcount.js
FNF:0
FNH:0
DA:1,1
DA:2,1
DA:3,1
DA:4,1
DA:5,1
DA:6,1
DA:7,1
DA:8,1
DA:9,1
DA:10,1
DA:11,1
DA:12,1
DA:13,1
DA:14,0
DA:15,0
DA:16,0
DA:17,1
DA:18,1
DA:19,0
DA:20,1
DA:21,1
DA:22,1
DA:23,0
DA:24,1
DA:25,1
DA:26,1
DA:27,0
DA:28,1
DA:29,1
DA:30,1
DA:31,1
LF:31
LH:25
BRF:0
BRH:0
end_of_record
